<?xml version="1.0" encoding="UTF-8"?>
<!-- Generated by org.testng.reporters.JUnitReportReporter -->
<testsuite skipped="0" hostname="DESKTOP-3UM075O" name="com.FTP.TestCases.TC_pakrailway_Login_001" tests="1" failures="0" timestamp="08 Mar 2020 13:19:41 GMT" time="6.140" errors="0">
  <testcase name="PR_Test_Login" time="6.140" classname="com.FTP.TestCases.TC_pakrailway_Login_001"/>
</testsuite> <!-- com.FTP.TestCases.TC_pakrailway_Login_001 -->
