<?xml version="1.0" encoding="UTF-8"?>
<!-- Generated by org.testng.reporters.JUnitReportReporter -->
<testsuite skipped="0" hostname="DESKTOP-3UM075O" name="com.FTP.TestCases.TC_LoginTest_001" tests="1" failures="0" timestamp="07 Mar 2020 15:07:40 GMT" time="6.415" errors="0">
  <testcase name="loginTest" time="6.415" classname="com.FTP.TestCases.TC_LoginTest_001"/>
</testsuite> <!-- com.FTP.TestCases.TC_LoginTest_001 -->
