<?xml version="1.0" encoding="UTF-8"?>
<!-- Generated by org.testng.reporters.JUnitReportReporter -->
<testsuite skipped="0" hostname="DESKTOP-U6EFAKA" name="com.FTP.TestCases.TC_pakrailway_Login_001" tests="1" failures="0" timestamp="03 Apr 2020 15:38:13 GMT" time="8.701" errors="0">
  <testcase name="PR_Test_Login" time="8.701" classname="com.FTP.TestCases.TC_pakrailway_Login_001"/>
</testsuite> <!-- com.FTP.TestCases.TC_pakrailway_Login_001 -->
