<?xml version="1.0" encoding="UTF-8"?>
<!-- Generated by org.testng.reporters.JUnitReportReporter -->
<testsuite skipped="0" hostname="DESKTOP-3UM075O" name="com.FTP.TestCases.TC_BookTicket_001" tests="1" failures="0" timestamp="21 Mar 2020 16:09:14 GMT" time="6.607" errors="0">
  <testcase name="PR_Test_BookTicket" time="6.607" classname="com.FTP.TestCases.TC_BookTicket_001"/>
</testsuite> <!-- com.FTP.TestCases.TC_BookTicket_001 -->
